[{"stream_name":"stderr","time":9.121501065,"data":"[NbConvertApp] Converting notebook __notebook__.ipynb to html\n"}
,{"stream_name":"stderr","time":11.736542197,"data":"[NbConvertApp] Support files will be in __results___files/\n"}
,{"stream_name":"stderr","time":11.736882213,"data":"[NbConvertApp] Making directory __results___files\n"}
,{"stream_name":"stderr","time":11.739369179,"data":"[NbConvertApp] Making directory __results___files\n"}
,{"stream_name":"stderr","time":11.740232809,"data":"[NbConvertApp] Making directory __results___files\n"}
,{"stream_name":"stderr","time":11.741101887,"data":"[NbConvertApp] Making directory __results___files\n"}
,{"stream_name":"stderr","time":11.741933027,"data":"[NbConvertApp] Making directory __results___files\n"}
,{"stream_name":"stderr","time":11.742737735,"data":"[NbConvertApp] Making directory __results___files\n"}
,{"stream_name":"stderr","time":11.743372527,"data":"[NbConvertApp] Making directory __results___files\n"}
,{"stream_name":"stderr","time":11.744001661,"data":"[NbConvertApp] Making directory __results___files\n"}
,{"stream_name":"stderr","time":11.744858,"data":"[NbConvertApp] Making directory __results___files\n"}
,{"stream_name":"stderr","time":11.745526608,"data":"[NbConvertApp] Making directory __results___files\n"}
,{"stream_name":"stderr","time":11.746482799,"data":"[NbConvertApp] Making directory __results___files\n"}
,{"stream_name":"stderr","time":11.747171633,"data":"[NbConvertApp] Making directory __results___files\n"}
,{"stream_name":"stderr","time":11.7478666,"data":"[NbConvertApp] Making directory __results___files\n"}
,{"stream_name":"stderr","time":11.748536946,"data":"[NbConvertApp] Making directory __results___files\n"}
,{"stream_name":"stderr","time":11.749411416000001,"data":"[NbConvertApp] Making directory __results___files\n"}
,{"stream_name":"stderr","time":11.750337845,"data":"[NbConvertApp] Making directory __results___files\n"}
,{"stream_name":"stderr","time":11.751296954,"data":"[NbConvertApp] Making directory __results___files\n"}
,{"stream_name":"stderr","time":11.752110715,"data":"[NbConvertApp] Making directory __results___files\n"}
,{"stream_name":"stderr","time":11.753052488,"data":"[NbConvertApp] Making directory __results___files\n"}
,{"stream_name":"stderr","time":11.75412028,"data":"[NbConvertApp] Making directory __results___files\n"}
,{"stream_name":"stderr","time":11.755230287,"data":"[NbConvertApp] Making directory __results___files\n"}
,{"stream_name":"stderr","time":11.756395774,"data":"[NbConvertApp] Making directory __results___files\n"}
,{"stream_name":"stderr","time":11.757535943,"data":"[NbConvertApp] Making directory __results___files\n"}
,{"stream_name":"stderr","time":11.758727976,"data":"[NbConvertApp] Making directory __results___files\n"}
,{"stream_name":"stderr","time":11.7593496,"data":"[NbConvertApp] Making directory __results___files\n"}
,{"stream_name":"stderr","time":11.760341028,"data":"[NbConvertApp] Making directory __results___files\n"}
,{"stream_name":"stderr","time":11.76132553,"data":"[NbConvertApp] Making directory __results___files\n"}
,{"stream_name":"stderr","time":11.762528222,"data":"[NbConvertApp] Making directory __results___files\n"}
,{"stream_name":"stderr","time":11.763372367,"data":"[NbConvertApp] Making directory __results___files\n"}
,{"stream_name":"stderr","time":11.764400168,"data":"[NbConvertApp] Making directory __results___files\n"}
,{"stream_name":"stderr","time":11.765508007,"data":"[NbConvertApp] Making directory __results___files\n"}
,{"stream_name":"stderr","time":11.766453421,"data":"[NbConvertApp] Making directory __results___files\n"}
,{"stream_name":"stderr","time":11.767719556,"data":"[NbConvertApp] Making directory __results___files\n"}
,{"stream_name":"stderr","time":11.769110671,"data":"[NbConvertApp] Making directory __results___files\n"}
,{"stream_name":"stderr","time":11.770297695,"data":"[NbConvertApp] Making directory __results___files\n"}
,{"stream_name":"stderr","time":11.770772219,"data":"[NbConvertApp] Making directory __results___files\n"}
,{"stream_name":"stderr","time":11.771798141,"data":"[NbConvertApp] Making directory __results___files\n"}
,{"stream_name":"stderr","time":11.772816173,"data":"[NbConvertApp] Making directory __results___files\n"}
,{"stream_name":"stderr","time":11.773829826,"data":"[NbConvertApp] Making directory __results___files\n"}
,{"stream_name":"stderr","time":11.774690768,"data":"[NbConvertApp] Making directory __results___files\n"}
,{"stream_name":"stderr","time":11.775790148,"data":"[NbConvertApp] Making directory __results___files\n"}
,{"stream_name":"stderr","time":11.77667314,"data":"[NbConvertApp] Making directory __results___files\n"}
,{"stream_name":"stderr","time":11.777606307,"data":"[NbConvertApp] Making directory __results___files\n"}
,{"stream_name":"stderr","time":11.778472219,"data":"[NbConvertApp] Making directory __results___files\n"}
,{"stream_name":"stderr","time":11.779324635,"data":"[NbConvertApp] Making directory __results___files\n"}
,{"stream_name":"stderr","time":11.780659265,"data":"[NbConvertApp] Making directory __results___files\n"}
,{"stream_name":"stderr","time":11.781834729,"data":"[NbConvertApp] Making directory __results___files\n"}
,{"stream_name":"stderr","time":11.783008295,"data":"[NbConvertApp] Making directory __results___files\n"}
,{"stream_name":"stderr","time":11.784311605,"data":"[NbConvertApp] Making directory __results___files\n"}
,{"stream_name":"stderr","time":11.785296317,"data":"[NbConvertApp] Making directory __results___files\n"}
,{"stream_name":"stderr","time":11.786167458,"data":"[NbConvertApp] Making directory __results___files\n"}
,{"stream_name":"stderr","time":11.787073372,"data":"[NbConvertApp] Making directory __results___files\n"}
,{"stream_name":"stderr","time":11.78826998,"data":"[NbConvertApp] Making directory __results___files\n"}
,{"stream_name":"stderr","time":11.788611375,"data":"[NbConvertApp] Making directory __results___files\n"}
,{"stream_name":"stderr","time":11.78945904,"data":"[NbConvertApp] Making directory __results___files\n"}
,{"stream_name":"stderr","time":11.790392187,"data":"[NbConvertApp] Writing 540391 bytes to __results__.html\n"}
]